State 0:
          main ::= * in
          in ::= * in NEWLINE
     (14) in ::= *
          in ::= * in program NEWLINE

                          main accept
                            in shift        1      
                     {default} reduce       14     in ::=

State 1:
     (12) main ::= in *
          in ::= in * NEWLINE
          in ::= in * program NEWLINE
          program ::= * NAME EQ expr
          program ::= * expr
          expr ::= * expr MINUS expr
          expr ::= * expr PLUS expr
          expr ::= * expr TIMES expr
          expr ::= * expr DIVIDE expr
          expr ::= * expr POW expr
          expr ::= * LP expr RP
          expr ::= * NUM
          expr ::= * NAME
          expr ::= * NAME LP expr RP
          expr ::= * NAME LP expr COMMA expr RP

                             $ reduce       12     main ::= in
                       NEWLINE shift-reduce 13     in ::= in NEWLINE
                          NAME shift        18     
                            LP shift        4      
                           NUM shift-reduce 8      expr ::= NUM
                       program shift        23     
                          expr shift        14     

State 2:
          expr ::= * expr MINUS expr
          expr ::= * expr PLUS expr
          expr ::= * expr TIMES expr
          expr ::= * expr DIVIDE expr
          expr ::= * expr POW expr
          expr ::= * LP expr RP
          expr ::= * NUM
          expr ::= * NAME
          expr ::= * NAME LP expr RP
          expr ::= * NAME LP expr COMMA expr RP
          expr ::= NAME LP expr COMMA * expr RP

                          NAME shift        19     
                            LP shift        4      
                           NUM shift-reduce 8      expr ::= NUM
                          expr shift        12     

State 3:
          expr ::= * expr MINUS expr
          expr ::= * expr PLUS expr
          expr ::= * expr TIMES expr
          expr ::= * expr DIVIDE expr
          expr ::= * expr POW expr
          expr ::= * LP expr RP
          expr ::= * NUM
          expr ::= * NAME
          expr ::= * NAME LP expr RP
          expr ::= NAME LP * expr RP
          expr ::= * NAME LP expr COMMA expr RP
          expr ::= NAME LP * expr COMMA expr RP

                          NAME shift        19     
                            LP shift        4      
                           NUM shift-reduce 8      expr ::= NUM
                          expr shift        11     

State 4:
          expr ::= * expr MINUS expr
          expr ::= * expr PLUS expr
          expr ::= * expr TIMES expr
          expr ::= * expr DIVIDE expr
          expr ::= * expr POW expr
          expr ::= * LP expr RP
          expr ::= LP * expr RP
          expr ::= * NUM
          expr ::= * NAME
          expr ::= * NAME LP expr RP
          expr ::= * NAME LP expr COMMA expr RP

                          NAME shift        19     
                            LP shift        4      
                           NUM shift-reduce 8      expr ::= NUM
                          expr shift        13     

State 5:
          expr ::= * expr MINUS expr
          expr ::= * expr PLUS expr
          expr ::= * expr TIMES expr
          expr ::= * expr DIVIDE expr
          expr ::= * expr POW expr
          expr ::= expr POW * expr
          expr ::= * LP expr RP
          expr ::= * NUM
          expr ::= * NAME
          expr ::= * NAME LP expr RP
          expr ::= * NAME LP expr COMMA expr RP

                          NAME shift        19     
                            LP shift        4      
                           NUM shift-reduce 8      expr ::= NUM
                          expr shift        20     

State 6:
          expr ::= * expr MINUS expr
          expr ::= * expr PLUS expr
          expr ::= * expr TIMES expr
          expr ::= * expr DIVIDE expr
          expr ::= expr DIVIDE * expr
          expr ::= * expr POW expr
          expr ::= * LP expr RP
          expr ::= * NUM
          expr ::= * NAME
          expr ::= * NAME LP expr RP
          expr ::= * NAME LP expr COMMA expr RP

                          NAME shift        19     
                            LP shift        4      
                           NUM shift-reduce 8      expr ::= NUM
                          expr shift        21     

State 7:
          expr ::= * expr MINUS expr
          expr ::= * expr PLUS expr
          expr ::= * expr TIMES expr
          expr ::= expr TIMES * expr
          expr ::= * expr DIVIDE expr
          expr ::= * expr POW expr
          expr ::= * LP expr RP
          expr ::= * NUM
          expr ::= * NAME
          expr ::= * NAME LP expr RP
          expr ::= * NAME LP expr COMMA expr RP

                          NAME shift        19     
                            LP shift        4      
                           NUM shift-reduce 8      expr ::= NUM
                          expr shift        22     

State 8:
          expr ::= * expr MINUS expr
          expr ::= * expr PLUS expr
          expr ::= expr PLUS * expr
          expr ::= * expr TIMES expr
          expr ::= * expr DIVIDE expr
          expr ::= * expr POW expr
          expr ::= * LP expr RP
          expr ::= * NUM
          expr ::= * NAME
          expr ::= * NAME LP expr RP
          expr ::= * NAME LP expr COMMA expr RP

                          NAME shift        19     
                            LP shift        4      
                           NUM shift-reduce 8      expr ::= NUM
                          expr shift        16     

State 9:
          expr ::= * expr MINUS expr
          expr ::= expr MINUS * expr
          expr ::= * expr PLUS expr
          expr ::= * expr TIMES expr
          expr ::= * expr DIVIDE expr
          expr ::= * expr POW expr
          expr ::= * LP expr RP
          expr ::= * NUM
          expr ::= * NAME
          expr ::= * NAME LP expr RP
          expr ::= * NAME LP expr COMMA expr RP

                          NAME shift        19     
                            LP shift        4      
                           NUM shift-reduce 8      expr ::= NUM
                          expr shift        17     

State 10:
          program ::= NAME EQ * expr
          expr ::= * expr MINUS expr
          expr ::= * expr PLUS expr
          expr ::= * expr TIMES expr
          expr ::= * expr DIVIDE expr
          expr ::= * expr POW expr
          expr ::= * LP expr RP
          expr ::= * NUM
          expr ::= * NAME
          expr ::= * NAME LP expr RP
          expr ::= * NAME LP expr COMMA expr RP

                          NAME shift        19     
                            LP shift        4      
                           NUM shift-reduce 8      expr ::= NUM
                          expr shift        15     

State 11:
          expr ::= expr * MINUS expr
          expr ::= expr * PLUS expr
          expr ::= expr * TIMES expr
          expr ::= expr * DIVIDE expr
          expr ::= expr * POW expr
          expr ::= NAME LP expr * RP
          expr ::= NAME LP expr * COMMA expr RP

                          PLUS shift        8      
                         MINUS shift        9      
                        DIVIDE shift        6      
                         TIMES shift        7      
                           POW shift        5      
                            RP shift-reduce 10     expr ::= NAME LP expr RP
                         COMMA shift        2      

State 12:
          expr ::= expr * MINUS expr
          expr ::= expr * PLUS expr
          expr ::= expr * TIMES expr
          expr ::= expr * DIVIDE expr
          expr ::= expr * POW expr
          expr ::= NAME LP expr COMMA expr * RP

                          PLUS shift        8      
                         MINUS shift        9      
                        DIVIDE shift        6      
                         TIMES shift        7      
                           POW shift        5      
                            RP shift-reduce 11     expr ::= NAME LP expr COMMA expr RP

State 13:
          expr ::= expr * MINUS expr
          expr ::= expr * PLUS expr
          expr ::= expr * TIMES expr
          expr ::= expr * DIVIDE expr
          expr ::= expr * POW expr
          expr ::= LP expr * RP

                          PLUS shift        8      
                         MINUS shift        9      
                        DIVIDE shift        6      
                         TIMES shift        7      
                           POW shift        5      
                            RP shift-reduce 7      expr ::= LP expr RP

State 14:
      (1) program ::= expr *
          expr ::= expr * MINUS expr
          expr ::= expr * PLUS expr
          expr ::= expr * TIMES expr
          expr ::= expr * DIVIDE expr
          expr ::= expr * POW expr

                          PLUS shift        8      
                         MINUS shift        9      
                        DIVIDE shift        6      
                         TIMES shift        7      
                           POW shift        5      
                     {default} reduce       1      program ::= expr

State 15:
      (0) program ::= NAME EQ expr *
          expr ::= expr * MINUS expr
          expr ::= expr * PLUS expr
          expr ::= expr * TIMES expr
          expr ::= expr * DIVIDE expr
          expr ::= expr * POW expr

                          PLUS shift        8      
                         MINUS shift        9      
                        DIVIDE shift        6      
                         TIMES shift        7      
                           POW shift        5      
                     {default} reduce       0      program ::= NAME EQ expr

State 16:
          expr ::= expr * MINUS expr
          expr ::= expr * PLUS expr
      (3) expr ::= expr PLUS expr *
          expr ::= expr * TIMES expr
          expr ::= expr * DIVIDE expr
          expr ::= expr * POW expr

                        DIVIDE shift        6      
                         TIMES shift        7      
                           POW shift        5      
                     {default} reduce       3      expr ::= expr PLUS expr

State 17:
          expr ::= expr * MINUS expr
      (2) expr ::= expr MINUS expr *
          expr ::= expr * PLUS expr
          expr ::= expr * TIMES expr
          expr ::= expr * DIVIDE expr
          expr ::= expr * POW expr

                        DIVIDE shift        6      
                         TIMES shift        7      
                           POW shift        5      
                     {default} reduce       2      expr ::= expr MINUS expr

State 18:
          program ::= NAME * EQ expr
      (9) expr ::= NAME *
          expr ::= NAME * LP expr RP
          expr ::= NAME * LP expr COMMA expr RP

                            EQ shift        10     
                            LP shift        3      
                     {default} reduce       9      expr ::= NAME

State 19:
      (9) expr ::= NAME *
          expr ::= NAME * LP expr RP
          expr ::= NAME * LP expr COMMA expr RP

                            LP shift        3      
                     {default} reduce       9      expr ::= NAME

State 20:
          expr ::= expr * MINUS expr
          expr ::= expr * PLUS expr
          expr ::= expr * TIMES expr
          expr ::= expr * DIVIDE expr
          expr ::= expr * POW expr
      (6) expr ::= expr POW expr *

                           POW shift        5      
                     {default} reduce       6      expr ::= expr POW expr

State 21:
          expr ::= expr * MINUS expr
          expr ::= expr * PLUS expr
          expr ::= expr * TIMES expr
          expr ::= expr * DIVIDE expr
      (5) expr ::= expr DIVIDE expr *
          expr ::= expr * POW expr

                           POW shift        5      
                     {default} reduce       5      expr ::= expr DIVIDE expr

State 22:
          expr ::= expr * MINUS expr
          expr ::= expr * PLUS expr
          expr ::= expr * TIMES expr
      (4) expr ::= expr TIMES expr *
          expr ::= expr * DIVIDE expr
          expr ::= expr * POW expr

                           POW shift        5      
                     {default} reduce       4      expr ::= expr TIMES expr

State 23:
          in ::= in program * NEWLINE

                       NEWLINE shift-reduce 15     in ::= in program NEWLINE

----------------------------------------------------
Symbols:
    0: $:
    1: PLUS
    2: MINUS
    3: DIVIDE
    4: TIMES
    5: POW
    6: NOT
    7: NEWLINE
    8: NAME
    9: EQ
   10: LP
   11: RP
   12: NUM
   13: COMMA
   14: error:
   15: main: <lambda> NEWLINE NAME LP NUM
   16: in: <lambda> NEWLINE NAME LP NUM
   17: program: NAME LP NUM
   18: expr: NAME LP NUM
