Determining if the pthread_create exist failed with the following output:
Change Dir: /home/gpf/server/v1/CMakeFiles/CMakeTmp

Run Build Command(s):/usr/bin/make cmTC_5bf98/fast 
make[1]: 进入目录“/home/gpf/server/v1/CMakeFiles/CMakeTmp”
/usr/bin/make -f CMakeFiles/cmTC_5bf98.dir/build.make CMakeFiles/cmTC_5bf98.dir/build
make[2]: 进入目录“/home/gpf/server/v1/CMakeFiles/CMakeTmp”
Building C object CMakeFiles/cmTC_5bf98.dir/CheckSymbolExists.c.o
/usr/bin/cc    -o CMakeFiles/cmTC_5bf98.dir/CheckSymbolExists.c.o   -c /home/gpf/server/v1/CMakeFiles/CMakeTmp/CheckSymbolExists.c
Linking C executable cmTC_5bf98
/opt/cmake-3.14.0-Linux-x86_64/bin/cmake -E cmake_link_script CMakeFiles/cmTC_5bf98.dir/link.txt --verbose=1
/usr/bin/cc      -rdynamic CMakeFiles/cmTC_5bf98.dir/CheckSymbolExists.c.o  -o cmTC_5bf98 
CMakeFiles/cmTC_5bf98.dir/CheckSymbolExists.c.o：在函数‘main’中：
CheckSymbolExists.c:(.text+0x1b)：对‘pthread_create’未定义的引用
collect2: error: ld returned 1 exit status
CMakeFiles/cmTC_5bf98.dir/build.make:86: recipe for target 'cmTC_5bf98' failed
make[2]: *** [cmTC_5bf98] Error 1
make[2]: 离开目录“/home/gpf/server/v1/CMakeFiles/CMakeTmp”
Makefile:121: recipe for target 'cmTC_5bf98/fast' failed
make[1]: *** [cmTC_5bf98/fast] Error 2
make[1]: 离开目录“/home/gpf/server/v1/CMakeFiles/CMakeTmp”

File /home/gpf/server/v1/CMakeFiles/CMakeTmp/CheckSymbolExists.c:
/* */
#include <pthread.h>

int main(int argc, char** argv)
{
  (void)argv;
#ifndef pthread_create
  return ((int*)(&pthread_create))[argc];
#else
  (void)argc;
  return 0;
#endif
}

Determining if the function pthread_create exists in the pthreads failed with the following output:
Change Dir: /home/gpf/server/v1/CMakeFiles/CMakeTmp

Run Build Command(s):/usr/bin/make cmTC_3a40a/fast 
make[1]: 进入目录“/home/gpf/server/v1/CMakeFiles/CMakeTmp”
/usr/bin/make -f CMakeFiles/cmTC_3a40a.dir/build.make CMakeFiles/cmTC_3a40a.dir/build
make[2]: 进入目录“/home/gpf/server/v1/CMakeFiles/CMakeTmp”
Building C object CMakeFiles/cmTC_3a40a.dir/CheckFunctionExists.c.o
/usr/bin/cc   -DCHECK_FUNCTION_EXISTS=pthread_create   -o CMakeFiles/cmTC_3a40a.dir/CheckFunctionExists.c.o   -c /opt/cmake-3.14.0-Linux-x86_64/share/cmake-3.14/Modules/CheckFunctionExists.c
Linking C executable cmTC_3a40a
/opt/cmake-3.14.0-Linux-x86_64/bin/cmake -E cmake_link_script CMakeFiles/cmTC_3a40a.dir/link.txt --verbose=1
/usr/bin/cc  -DCHECK_FUNCTION_EXISTS=pthread_create    -rdynamic CMakeFiles/cmTC_3a40a.dir/CheckFunctionExists.c.o  -o cmTC_3a40a -lpthreads 
/usr/bin/ld: 找不到 -lpthreads
collect2: error: ld returned 1 exit status
CMakeFiles/cmTC_3a40a.dir/build.make:86: recipe for target 'cmTC_3a40a' failed
make[2]: *** [cmTC_3a40a] Error 1
make[2]: 离开目录“/home/gpf/server/v1/CMakeFiles/CMakeTmp”
Makefile:121: recipe for target 'cmTC_3a40a/fast' failed
make[1]: *** [cmTC_3a40a/fast] Error 2
make[1]: 离开目录“/home/gpf/server/v1/CMakeFiles/CMakeTmp”


